Using pre-set license
Built from '2020.3/staging' branch; Version is '2020.3.30f1 (1fb1bf06830e) revision 2077119'; Using compiler version '192528614'; Build Type 'Release'
OS: 'Windows 10  (10.0.19043) 64bit Professional' Language: 'en' Physical Memory: 16240 MB
BatchMode: 1, IsHumanControllingUs: 0, StartBugReporterOnCrash: 0, Is64bit: 1, IsPro: 0

COMMAND LINE ARGUMENTS:
C:\Program Files\Unity\Hub\Editor\2020.3.30f1\Editor\Unity.exe
-adb2
-batchMode
-noUpm
-name
AssetImportWorker0
-projectPath
C:/Users/huntm/Documents/GitHub/GamePrototype
-logFile
Logs/AssetImportWorker0.log
-srvPort
51433
Successfully changed project path to: C:/Users/huntm/Documents/GitHub/GamePrototype
C:/Users/huntm/Documents/GitHub/GamePrototype
Using Asset Import Pipeline V2.
Refreshing native plugins compatible for Editor in 151.46 ms, found 3 plugins.
Preloading 0 native plugins for Editor in 0.00 ms.
Initialize engine version: 2020.3.30f1 (1fb1bf06830e)
[Subsystems] Discovering subsystems at path C:/Program Files/Unity/Hub/Editor/2020.3.30f1/Editor/Data/Resources/UnitySubsystems
[Subsystems] Discovering subsystems at path C:/Users/huntm/Documents/GitHub/GamePrototype/Assets
GfxDevice: creating device client; threaded=0
Direct3D:
    Version:  Direct3D 11.0 [level 11.1]
    Renderer: Intel(R) UHD Graphics 620 (ID=0x5917)
    Vendor:   
    VRAM:     8120 MB
    Driver:   27.20.100.8477
Initialize mono
Mono path[0] = 'C:/Program Files/Unity/Hub/Editor/2020.3.30f1/Editor/Data/Managed'
Mono path[1] = 'C:/Program Files/Unity/Hub/Editor/2020.3.30f1/Editor/Data/MonoBleedingEdge/lib/mono/unityjit'
Mono config path = 'C:/Program Files/Unity/Hub/Editor/2020.3.30f1/Editor/Data/MonoBleedingEdge/etc'
Using monoOptions --debugger-agent=transport=dt_socket,embedding=1,server=y,suspend=n,address=127.0.0.1:56440
Begin MonoManager ReloadAssembly
Registering precompiled unity dll's ...
Register platform support module: C:/Program Files/Unity/Hub/Editor/2020.3.30f1/Editor/Data/PlaybackEngines/WebGLSupport/UnityEditor.WebGL.Extensions.dll
Register platform support module: C:/Program Files/Unity/Hub/Editor/2020.3.30f1/Editor/Data/PlaybackEngines/WindowsStandaloneSupport/UnityEditor.WindowsStandalone.Extensions.dll
Registered in 0.007478 seconds.
Native extension for WindowsStandalone target not found
Native extension for WebGL target not found
Refreshing native plugins compatible for Editor in 129.69 ms, found 3 plugins.
Preloading 0 native plugins for Editor in 0.00 ms.
Mono: successfully reloaded assembly
- Completed reload, in  1.810 seconds
Domain Reload Profiling:
	ReloadAssembly (1811ms)
		BeginReloadAssembly (305ms)
			ExecutionOrderSort (0ms)
			DisableScriptedObjects (0ms)
			BackupInstance (0ms)
			ReleaseScriptingObjects (0ms)
			CreateAndSetChildDomain (3ms)
		EndReloadAssembly (1191ms)
			LoadAssemblies (293ms)
			RebuildTransferFunctionScriptingTraits (0ms)
			SetupTypeCache (354ms)
			ReleaseScriptCaches (0ms)
			RebuildScriptCaches (67ms)
			SetupLoadedEditorAssemblies (437ms)
				LogAssemblyErrors (0ms)
				InitializePlatformSupportModulesInManaged (13ms)
				SetLoadedEditorAssemblies (0ms)
				RefreshPlugins (130ms)
				BeforeProcessingInitializeOnLoad (19ms)
				ProcessInitializeOnLoadAttributes (209ms)
				ProcessInitializeOnLoadMethodAttributes (65ms)
				AfterProcessingInitializeOnLoad (0ms)
				EditorAssembliesLoaded (1ms)
			ExecutionOrderSort2 (0ms)
			AwakeInstancesAfterBackupRestoration (0ms)
Platform modules already initialized, skipping
Registering precompiled user dll's ...
Registered in 0.009516 seconds.
Begin MonoManager ReloadAssembly
Native extension for WindowsStandalone target not found
Native extension for WebGL target not found
Refreshing native plugins compatible for Editor in 127.25 ms, found 3 plugins.
Preloading 0 native plugins for Editor in 0.00 ms.
Mono: successfully reloaded assembly
- Completed reload, in  3.531 seconds
Domain Reload Profiling:
	ReloadAssembly (3533ms)
		BeginReloadAssembly (443ms)
			ExecutionOrderSort (0ms)
			DisableScriptedObjects (15ms)
			BackupInstance (0ms)
			ReleaseScriptingObjects (0ms)
			CreateAndSetChildDomain (41ms)
		EndReloadAssembly (2846ms)
			LoadAssemblies (353ms)
			RebuildTransferFunctionScriptingTraits (0ms)
			SetupTypeCache (792ms)
			ReleaseScriptCaches (1ms)
			RebuildScriptCaches (198ms)
			SetupLoadedEditorAssemblies (1073ms)
				LogAssemblyErrors (0ms)
				InitializePlatformSupportModulesInManaged (18ms)
				SetLoadedEditorAssemblies (1ms)
				RefreshPlugins (127ms)
				BeforeProcessingInitializeOnLoad (228ms)
				ProcessInitializeOnLoadAttributes (640ms)
				ProcessInitializeOnLoadMethodAttributes (37ms)
				AfterProcessingInitializeOnLoad (21ms)
				EditorAssembliesLoaded (0ms)
			ExecutionOrderSort2 (0ms)
			AwakeInstancesAfterBackupRestoration (16ms)
Platform modules already initialized, skipping
========================================================================
Worker process is ready to serve import requests
Launched and connected shader compiler UnityShaderCompiler.exe after 0.12 seconds
Refreshing native plugins compatible for Editor in 0.91 ms, found 3 plugins.
Preloading 0 native plugins for Editor in 0.00 ms.
Unloading 2372 Unused Serialized files (Serialized files now loaded: 0)
System memory in use before: 102.8 MB.
System memory in use after: 102.8 MB.

Unloading 32 unused Assets to reduce memory usage. Loaded Objects now: 2808.
Total: 7.016600 ms (FindLiveObjects: 0.374100 ms CreateObjectMapping: 0.212700 ms MarkObjects: 6.130000 ms  DeleteObjects: 0.298200 ms)

AssetImportParameters requested are different than current active one (requested -> active):
  custom:framework-win-MediaFoundation: 216162199b28c13a410421893ffa2e32 -> 
  custom:video-decoder-ogg-theora: a1e56fd34408186e4bbccfd4996cb3dc -> 
  custom:container-muxer-webm: aa71ff27fc2769a1b78a27578f13a17b -> 
  custom:container-demuxer-webm: 4f35f7cbe854078d1ac9338744f61a02 -> 
  custom:container-demuxer-ogg: 62fdf1f143b41e24485cea50d1cbac27 -> 
  custom:video-encoder-webm-vp8: eb34c28f22e8b96e1ab97ce403110664 -> 
  custom:video-decoder-webm-vp8: 9c59270c3fd7afecdb556c50c9e8de78 -> 
  custom:audio-decoder-ogg-vorbis: bf7c407c2cedff20999df2af8eb42d56 -> 
  custom:audio-encoder-webm-vorbis: bf7c407c2cedff20999df2af8eb42d56 -> 
========================================================================
Received Import Request.
  path: Assets/Objects/Dialogue
  artifactKey: Guid(dcf7154fefa6a454391b0b3e07d11663) Importer(815301076,1909f56bfc062723c751e8b465ee728b)
Start importing Assets/Objects/Dialogue using Guid(dcf7154fefa6a454391b0b3e07d11663) Importer(815301076,1909f56bfc062723c751e8b465ee728b)  -> (artifact id: '653bc77e4d7fad48a3835b52b015bd24') in 0.019317 seconds 
========================================================================
Received Import Request.
  Time since last request: 0.000862 seconds.
  path: Assets/Images
  artifactKey: Guid(c3d4e35ec3daaa941a9f47f830ac957e) Importer(815301076,1909f56bfc062723c751e8b465ee728b)
Start importing Assets/Images using Guid(c3d4e35ec3daaa941a9f47f830ac957e) Importer(815301076,1909f56bfc062723c751e8b465ee728b)  -> (artifact id: 'dd005290e27f9301a3260df112c611e2') in 0.013382 seconds 
========================================================================
Received Import Request.
  Time since last request: 0.000543 seconds.
  path: Assets/DirtRuleTile.asset
  artifactKey: Guid(6ad4832eedfa3b3439b55afb4c22506c) Importer(815301076,1909f56bfc062723c751e8b465ee728b)
Start importing Assets/DirtRuleTile.asset using Guid(6ad4832eedfa3b3439b55afb4c22506c) Importer(815301076,1909f56bfc062723c751e8b465ee728b)  -> (artifact id: 'd4b03748a35a7a3bd492b55e72769ba1') in 0.113233 seconds 
========================================================================
Received Import Request.
  Time since last request: 0.000344 seconds.
  path: Assets/Objects
  artifactKey: Guid(95f901e4661ade84abc69b2fe1f8a8c6) Importer(815301076,1909f56bfc062723c751e8b465ee728b)
Start importing Assets/Objects using Guid(95f901e4661ade84abc69b2fe1f8a8c6) Importer(815301076,1909f56bfc062723c751e8b465ee728b)  -> (artifact id: '93216d826b91db7b45d26cc3ab4e8865') in 0.008496 seconds 
========================================================================
Received Import Request.
  Time since last request: 0.000370 seconds.
  path: Assets/InventorySlot.prefab
  artifactKey: Guid(da8ca81e05fe5484286bd0ffbfc037db) Importer(815301076,1909f56bfc062723c751e8b465ee728b)
Start importing Assets/InventorySlot.prefab using Guid(da8ca81e05fe5484286bd0ffbfc037db) Importer(815301076,1909f56bfc062723c751e8b465ee728b)  -> (artifact id: 'bf75c6a53aa022d7575e5894e4fa65e2') in 0.037959 seconds 
========================================================================
Received Import Request.
  Time since last request: 0.000272 seconds.
  path: Assets/GrassRuleTile.asset
  artifactKey: Guid(e2be5ba82ad8ec741b059296a9e9e7e9) Importer(815301076,1909f56bfc062723c751e8b465ee728b)
Start importing Assets/GrassRuleTile.asset using Guid(e2be5ba82ad8ec741b059296a9e9e7e9) Importer(815301076,1909f56bfc062723c751e8b465ee728b)  -> (artifact id: 'adc7ff0b11170274a13fea65f33d1324') in 0.103381 seconds 
========================================================================
Received Import Request.
  Time since last request: 0.000435 seconds.
  path: Assets/HillsRuleTile.asset
  artifactKey: Guid(0d0491b30e338ac459c83eae025c9fb3) Importer(815301076,1909f56bfc062723c751e8b465ee728b)
Start importing Assets/HillsRuleTile.asset using Guid(0d0491b30e338ac459c83eae025c9fb3) Importer(815301076,1909f56bfc062723c751e8b465ee728b)  -> (artifact id: '7e09c01cf1a18ba75d260c4d41f6184d') in 0.022927 seconds 
========================================================================
Received Import Request.
  Time since last request: 0.267353 seconds.
  path: Assets/Objects/Dialogue/Dialogue.cs
  artifactKey: Guid(cb2ec1a3b33f4a24aa2362d2e8b5b467) Importer(815301076,1909f56bfc062723c751e8b465ee728b)
Start importing Assets/Objects/Dialogue/Dialogue.cs using Guid(cb2ec1a3b33f4a24aa2362d2e8b5b467) Importer(815301076,1909f56bfc062723c751e8b465ee728b)  -> (artifact id: '87242e730e598d074d41442af5b3f447') in 0.023882 seconds 
========================================================================
Received Prepare
Refreshing native plugins compatible for Editor in 11.19 ms, found 3 plugins.
Preloading 0 native plugins for Editor in 0.00 ms.
Unloading 18 Unused Serialized files (Serialized files now loaded: 0)
System memory in use before: 59.0 MB.
System memory in use after: 59.0 MB.

Unloading 18 unused Assets to reduce memory usage. Loaded Objects now: 2812.
Total: 11.841700 ms (FindLiveObjects: 0.600200 ms CreateObjectMapping: 0.337300 ms MarkObjects: 10.464600 ms  DeleteObjects: 0.436700 ms)

AssetImportParameters requested are different than current active one (requested -> active):
  custom:framework-win-MediaFoundation: 216162199b28c13a410421893ffa2e32 -> 
  custom:video-decoder-ogg-theora: a1e56fd34408186e4bbccfd4996cb3dc -> 
  custom:container-muxer-webm: aa71ff27fc2769a1b78a27578f13a17b -> 
  custom:container-demuxer-webm: 4f35f7cbe854078d1ac9338744f61a02 -> 
  custom:container-demuxer-ogg: 62fdf1f143b41e24485cea50d1cbac27 -> 
  custom:video-encoder-webm-vp8: eb34c28f22e8b96e1ab97ce403110664 -> 
  custom:video-decoder-webm-vp8: 9c59270c3fd7afecdb556c50c9e8de78 -> 
  custom:audio-decoder-ogg-vorbis: bf7c407c2cedff20999df2af8eb42d56 -> 
  custom:audio-encoder-webm-vorbis: bf7c407c2cedff20999df2af8eb42d56 -> 
========================================================================
Received Prepare
Registering precompiled user dll's ...
Registered in 0.012058 seconds.
Begin MonoManager ReloadAssembly
Native extension for WindowsStandalone target not found
Native extension for WebGL target not found
Refreshing native plugins compatible for Editor in 1.71 ms, found 3 plugins.
Preloading 0 native plugins for Editor in 0.00 ms.
Mono: successfully reloaded assembly
- Completed reload, in  4.123 seconds
Domain Reload Profiling:
	ReloadAssembly (4124ms)
		BeginReloadAssembly (463ms)
			ExecutionOrderSort (0ms)
			DisableScriptedObjects (27ms)
			BackupInstance (0ms)
			ReleaseScriptingObjects (0ms)
			CreateAndSetChildDomain (115ms)
		EndReloadAssembly (3328ms)
			LoadAssemblies (497ms)
			RebuildTransferFunctionScriptingTraits (0ms)
			SetupTypeCache (1312ms)
			ReleaseScriptCaches (2ms)
			RebuildScriptCaches (120ms)
			SetupLoadedEditorAssemblies (1169ms)
				LogAssemblyErrors (0ms)
				InitializePlatformSupportModulesInManaged (24ms)
				SetLoadedEditorAssemblies (5ms)
				RefreshPlugins (2ms)
				BeforeProcessingInitializeOnLoad (427ms)
				ProcessInitializeOnLoadAttributes (659ms)
				ProcessInitializeOnLoadMethodAttributes (28ms)
				AfterProcessingInitializeOnLoad (23ms)
				EditorAssembliesLoaded (0ms)
			ExecutionOrderSort2 (0ms)
			AwakeInstancesAfterBackupRestoration (24ms)
Platform modules already initialized, skipping
Refreshing native plugins compatible for Editor in 2.23 ms, found 3 plugins.
Preloading 0 native plugins for Editor in 0.00 ms.
Unloading 2365 Unused Serialized files (Serialized files now loaded: 0)
System memory in use before: 105.6 MB.
System memory in use after: 105.7 MB.

Unloading 21 unused Assets to reduce memory usage. Loaded Objects now: 2814.
Total: 10.978900 ms (FindLiveObjects: 0.670400 ms CreateObjectMapping: 0.366700 ms MarkObjects: 9.534300 ms  DeleteObjects: 0.404000 ms)

AssetImportParameters requested are different than current active one (requested -> active):
  custom:framework-win-MediaFoundation: 216162199b28c13a410421893ffa2e32 -> 
  custom:video-decoder-ogg-theora: a1e56fd34408186e4bbccfd4996cb3dc -> 
  custom:container-muxer-webm: aa71ff27fc2769a1b78a27578f13a17b -> 
  custom:container-demuxer-webm: 4f35f7cbe854078d1ac9338744f61a02 -> 
  custom:container-demuxer-ogg: 62fdf1f143b41e24485cea50d1cbac27 -> 
  custom:video-encoder-webm-vp8: eb34c28f22e8b96e1ab97ce403110664 -> 
  custom:video-decoder-webm-vp8: 9c59270c3fd7afecdb556c50c9e8de78 -> 
  custom:audio-decoder-ogg-vorbis: bf7c407c2cedff20999df2af8eb42d56 -> 
  custom:audio-encoder-webm-vorbis: bf7c407c2cedff20999df2af8eb42d56 -> 
========================================================================
Received Import Request.
  Time since last request: 297.221069 seconds.
  path: Assets/Objects/Dialogue/Dialogue.cs
  artifactKey: Guid(cb2ec1a3b33f4a24aa2362d2e8b5b467) Importer(815301076,1909f56bfc062723c751e8b465ee728b)
Start importing Assets/Objects/Dialogue/Dialogue.cs using Guid(cb2ec1a3b33f4a24aa2362d2e8b5b467) Importer(815301076,1909f56bfc062723c751e8b465ee728b)  -> (artifact id: '01dcd1e4068d4e4e88603efcf468fab5') in 0.019370 seconds 
========================================================================
Received Import Request.
  Time since last request: 94.907553 seconds.
  path: Assets/Images/Spritesheets/door animation sprites.png
  artifactKey: Guid(65f31cc4017344d40a1142595a831568) Importer(815301076,1909f56bfc062723c751e8b465ee728b)
Start importing Assets/Images/Spritesheets/door animation sprites.png using Guid(65f31cc4017344d40a1142595a831568) Importer(815301076,1909f56bfc062723c751e8b465ee728b)  -> (artifact id: '12fb2b49420350f5ae57a472743bacde') in 0.520351 seconds 
========================================================================
Received Import Request.
  Time since last request: 0.000564 seconds.
  path: Assets/Images/Spritesheets/Tilled Dirt.png
  artifactKey: Guid(c06a3dd4621f7e147b6789827b247257) Importer(815301076,1909f56bfc062723c751e8b465ee728b)
Start importing Assets/Images/Spritesheets/Tilled Dirt.png using Guid(c06a3dd4621f7e147b6789827b247257) Importer(815301076,1909f56bfc062723c751e8b465ee728b)  -> (artifact id: '6fc0652ea655741e9b1816f6c5b400ed') in 0.487048 seconds 
========================================================================
Received Import Request.
  Time since last request: 0.000974 seconds.
  path: Assets/Images/Spritesheets/Grass.png
  artifactKey: Guid(7256156535b01e545bb785c93a1fafcd) Importer(815301076,1909f56bfc062723c751e8b465ee728b)
Start importing Assets/Images/Spritesheets/Grass.png using Guid(7256156535b01e545bb785c93a1fafcd) Importer(815301076,1909f56bfc062723c751e8b465ee728b)  -> (artifact id: '43e3c09c3a3d00f834fe4d35279a4633') in 0.759167 seconds 
========================================================================
Received Import Request.
  Time since last request: 0.000757 seconds.
  path: Assets/Images/Spritesheets/Water.png
  artifactKey: Guid(4db734f510a85e34cb357f939ca4aa9e) Importer(815301076,1909f56bfc062723c751e8b465ee728b)
Start importing Assets/Images/Spritesheets/Water.png using Guid(4db734f510a85e34cb357f939ca4aa9e) Importer(815301076,1909f56bfc062723c751e8b465ee728b)  -> (artifact id: 'ca32043d776bf3f19a9f3a54f6d6492c') in 0.056974 seconds 
========================================================================
Received Import Request.
  Time since last request: 0.000387 seconds.
  path: Assets/Images/Spritesheets/Wooden House.png
  artifactKey: Guid(07f4806c194dc3e4dbfa7a70bb96e9b2) Importer(815301076,1909f56bfc062723c751e8b465ee728b)
Start importing Assets/Images/Spritesheets/Wooden House.png using Guid(07f4806c194dc3e4dbfa7a70bb96e9b2) Importer(815301076,1909f56bfc062723c751e8b465ee728b)  -> (artifact id: '8dc68458f2b0fa7ab3d4abfa3956c843') in 0.153799 seconds 
========================================================================
Received Import Request.
  Time since last request: 0.000543 seconds.
  path: Assets/Images/Spritesheets/Stairs.prefab
  artifactKey: Guid(00fa647858df3f9418f856695e5b5e0f) Importer(815301076,1909f56bfc062723c751e8b465ee728b)
Start importing Assets/Images/Spritesheets/Stairs.prefab using Guid(00fa647858df3f9418f856695e5b5e0f) Importer(815301076,1909f56bfc062723c751e8b465ee728b)  -> (artifact id: '1d68846ab4c10773bbcdb83916da58c0') in 0.025188 seconds 
========================================================================
Received Import Request.
  Time since last request: 0.000377 seconds.
  path: Assets/Images/Spritesheets/Hills.png
  artifactKey: Guid(1b98ca348167ae84bbb010d3bfcb1f76) Importer(815301076,1909f56bfc062723c751e8b465ee728b)
Start importing Assets/Images/Spritesheets/Hills.png using Guid(1b98ca348167ae84bbb010d3bfcb1f76) Importer(815301076,1909f56bfc062723c751e8b465ee728b)  -> (artifact id: '620edf277b3a4e15cbf9ab101e306185') in 0.316152 seconds 
========================================================================
Received Import Request.
  Time since last request: 0.000859 seconds.
  path: Assets/Images/Spritesheets/ui.png
  artifactKey: Guid(b2d722c039c298144b403760db1d86a8) Importer(815301076,1909f56bfc062723c751e8b465ee728b)
Start importing Assets/Images/Spritesheets/ui.png using Guid(b2d722c039c298144b403760db1d86a8) Importer(815301076,1909f56bfc062723c751e8b465ee728b)  -> (artifact id: 'e98f65ceccdda243ffd30123dd4688a3') in 0.151702 seconds 
========================================================================
Received Import Request.
  Time since last request: 8.135018 seconds.
  path: Assets/Images/Actors/charSheet.png
  artifactKey: Guid(d9acd7b7f8f141a4e9869b1207953ba6) Importer(815301076,1909f56bfc062723c751e8b465ee728b)
Start importing Assets/Images/Actors/charSheet.png using Guid(d9acd7b7f8f141a4e9869b1207953ba6) Importer(815301076,1909f56bfc062723c751e8b465ee728b)  -> (artifact id: 'c4bc7351057350b2ec88a0af6d8f39a9') in 1.303412 seconds 
========================================================================
Received Prepare
Registering precompiled user dll's ...
Registered in 0.005692 seconds.
Begin MonoManager ReloadAssembly
Native extension for WindowsStandalone target not found
Native extension for WebGL target not found
Refreshing native plugins compatible for Editor in 0.71 ms, found 3 plugins.
Preloading 0 native plugins for Editor in 0.00 ms.
Mono: successfully reloaded assembly
- Completed reload, in  2.480 seconds
Domain Reload Profiling:
	ReloadAssembly (2481ms)
		BeginReloadAssembly (281ms)
			ExecutionOrderSort (0ms)
			DisableScriptedObjects (15ms)
			BackupInstance (0ms)
			ReleaseScriptingObjects (0ms)
			CreateAndSetChildDomain (80ms)
		EndReloadAssembly (2026ms)
			LoadAssemblies (221ms)
			RebuildTransferFunctionScriptingTraits (0ms)
			SetupTypeCache (672ms)
			ReleaseScriptCaches (3ms)
			RebuildScriptCaches (131ms)
			SetupLoadedEditorAssemblies (789ms)
				LogAssemblyErrors (0ms)
				InitializePlatformSupportModulesInManaged (10ms)
				SetLoadedEditorAssemblies (1ms)
				RefreshPlugins (1ms)
				BeforeProcessingInitializeOnLoad (172ms)
				ProcessInitializeOnLoadAttributes (552ms)
				ProcessInitializeOnLoadMethodAttributes (31ms)
				AfterProcessingInitializeOnLoad (22ms)
				EditorAssembliesLoaded (0ms)
			ExecutionOrderSort2 (0ms)
			AwakeInstancesAfterBackupRestoration (27ms)
Platform modules already initialized, skipping
Refreshing native plugins compatible for Editor in 1.93 ms, found 3 plugins.
Preloading 0 native plugins for Editor in 0.00 ms.
Unloading 2365 Unused Serialized files (Serialized files now loaded: 0)
System memory in use before: 105.8 MB.
System memory in use after: 105.9 MB.

Unloading 21 unused Assets to reduce memory usage. Loaded Objects now: 2831.
Total: 8.001900 ms (FindLiveObjects: 0.461200 ms CreateObjectMapping: 0.315100 ms MarkObjects: 6.989300 ms  DeleteObjects: 0.233900 ms)

AssetImportParameters requested are different than current active one (requested -> active):
  custom:framework-win-MediaFoundation: 216162199b28c13a410421893ffa2e32 -> 
  custom:video-decoder-ogg-theora: a1e56fd34408186e4bbccfd4996cb3dc -> 
  custom:container-muxer-webm: aa71ff27fc2769a1b78a27578f13a17b -> 
  custom:container-demuxer-webm: 4f35f7cbe854078d1ac9338744f61a02 -> 
  custom:container-demuxer-ogg: 62fdf1f143b41e24485cea50d1cbac27 -> 
  custom:video-encoder-webm-vp8: eb34c28f22e8b96e1ab97ce403110664 -> 
  custom:video-decoder-webm-vp8: 9c59270c3fd7afecdb556c50c9e8de78 -> 
  custom:audio-decoder-ogg-vorbis: bf7c407c2cedff20999df2af8eb42d56 -> 
  custom:audio-encoder-webm-vorbis: bf7c407c2cedff20999df2af8eb42d56 -> 
========================================================================
Received Prepare
Registering precompiled user dll's ...
Registered in 0.009870 seconds.
Begin MonoManager ReloadAssembly
Native extension for WindowsStandalone target not found
Native extension for WebGL target not found
Refreshing native plugins compatible for Editor in 1.03 ms, found 3 plugins.
Preloading 0 native plugins for Editor in 0.00 ms.
Mono: successfully reloaded assembly
- Completed reload, in  2.480 seconds
Domain Reload Profiling:
	ReloadAssembly (2481ms)
		BeginReloadAssembly (240ms)
			ExecutionOrderSort (0ms)
			DisableScriptedObjects (10ms)
			BackupInstance (0ms)
			ReleaseScriptingObjects (0ms)
			CreateAndSetChildDomain (69ms)
		EndReloadAssembly (2093ms)
			LoadAssemblies (249ms)
			RebuildTransferFunctionScriptingTraits (0ms)
			SetupTypeCache (626ms)
			ReleaseScriptCaches (2ms)
			RebuildScriptCaches (123ms)
			SetupLoadedEditorAssemblies (835ms)
				LogAssemblyErrors (0ms)
				InitializePlatformSupportModulesInManaged (15ms)
				SetLoadedEditorAssemblies (1ms)
				RefreshPlugins (1ms)
				BeforeProcessingInitializeOnLoad (248ms)
				ProcessInitializeOnLoadAttributes (532ms)
				ProcessInitializeOnLoadMethodAttributes (19ms)
				AfterProcessingInitializeOnLoad (17ms)
				EditorAssembliesLoaded (0ms)
			ExecutionOrderSort2 (0ms)
			AwakeInstancesAfterBackupRestoration (15ms)
Platform modules already initialized, skipping
Refreshing native plugins compatible for Editor in 2.33 ms, found 3 plugins.
Preloading 0 native plugins for Editor in 0.00 ms.
Unloading 2365 Unused Serialized files (Serialized files now loaded: 0)
System memory in use before: 105.9 MB.
System memory in use after: 105.9 MB.

Unloading 21 unused Assets to reduce memory usage. Loaded Objects now: 2833.
Total: 11.881500 ms (FindLiveObjects: 0.572800 ms CreateObjectMapping: 0.403500 ms MarkObjects: 10.506500 ms  DeleteObjects: 0.395200 ms)

AssetImportParameters requested are different than current active one (requested -> active):
  custom:framework-win-MediaFoundation: 216162199b28c13a410421893ffa2e32 -> 
  custom:video-decoder-ogg-theora: a1e56fd34408186e4bbccfd4996cb3dc -> 
  custom:container-muxer-webm: aa71ff27fc2769a1b78a27578f13a17b -> 
  custom:container-demuxer-webm: 4f35f7cbe854078d1ac9338744f61a02 -> 
  custom:container-demuxer-ogg: 62fdf1f143b41e24485cea50d1cbac27 -> 
  custom:video-encoder-webm-vp8: eb34c28f22e8b96e1ab97ce403110664 -> 
  custom:video-decoder-webm-vp8: 9c59270c3fd7afecdb556c50c9e8de78 -> 
  custom:audio-decoder-ogg-vorbis: bf7c407c2cedff20999df2af8eb42d56 -> 
  custom:audio-encoder-webm-vorbis: bf7c407c2cedff20999df2af8eb42d56 -> 
========================================================================
Received Prepare
Registering precompiled user dll's ...
Registered in 0.006517 seconds.
Begin MonoManager ReloadAssembly
Native extension for WindowsStandalone target not found
Native extension for WebGL target not found
Refreshing native plugins compatible for Editor in 0.78 ms, found 3 plugins.
Preloading 0 native plugins for Editor in 0.00 ms.
Mono: successfully reloaded assembly
- Completed reload, in  1.905 seconds
Domain Reload Profiling:
	ReloadAssembly (1906ms)
		BeginReloadAssembly (193ms)
			ExecutionOrderSort (0ms)
			DisableScriptedObjects (10ms)
			BackupInstance (0ms)
			ReleaseScriptingObjects (0ms)
			CreateAndSetChildDomain (57ms)
		EndReloadAssembly (1611ms)
			LoadAssemblies (170ms)
			RebuildTransferFunctionScriptingTraits (0ms)
			SetupTypeCache (500ms)
			ReleaseScriptCaches (2ms)
			RebuildScriptCaches (88ms)
			SetupLoadedEditorAssemblies (599ms)
				LogAssemblyErrors (0ms)
				InitializePlatformSupportModulesInManaged (9ms)
				SetLoadedEditorAssemblies (1ms)
				RefreshPlugins (1ms)
				BeforeProcessingInitializeOnLoad (148ms)
				ProcessInitializeOnLoadAttributes (387ms)
				ProcessInitializeOnLoadMethodAttributes (31ms)
				AfterProcessingInitializeOnLoad (23ms)
				EditorAssembliesLoaded (0ms)
			ExecutionOrderSort2 (0ms)
			AwakeInstancesAfterBackupRestoration (25ms)
Platform modules already initialized, skipping
Refreshing native plugins compatible for Editor in 0.76 ms, found 3 plugins.
Preloading 0 native plugins for Editor in 0.00 ms.
Unloading 2365 Unused Serialized files (Serialized files now loaded: 0)
System memory in use before: 105.9 MB.
System memory in use after: 105.9 MB.

Unloading 21 unused Assets to reduce memory usage. Loaded Objects now: 2835.
Total: 4.947100 ms (FindLiveObjects: 0.259500 ms CreateObjectMapping: 0.153900 ms MarkObjects: 4.352600 ms  DeleteObjects: 0.179800 ms)

AssetImportParameters requested are different than current active one (requested -> active):
  custom:framework-win-MediaFoundation: 216162199b28c13a410421893ffa2e32 -> 
  custom:video-decoder-ogg-theora: a1e56fd34408186e4bbccfd4996cb3dc -> 
  custom:container-muxer-webm: aa71ff27fc2769a1b78a27578f13a17b -> 
  custom:container-demuxer-webm: 4f35f7cbe854078d1ac9338744f61a02 -> 
  custom:container-demuxer-ogg: 62fdf1f143b41e24485cea50d1cbac27 -> 
  custom:video-encoder-webm-vp8: eb34c28f22e8b96e1ab97ce403110664 -> 
  custom:video-decoder-webm-vp8: 9c59270c3fd7afecdb556c50c9e8de78 -> 
  custom:audio-decoder-ogg-vorbis: bf7c407c2cedff20999df2af8eb42d56 -> 
  custom:audio-encoder-webm-vorbis: bf7c407c2cedff20999df2af8eb42d56 -> 
========================================================================
Received Prepare
Registering precompiled user dll's ...
Registered in 0.010304 seconds.
Begin MonoManager ReloadAssembly
Native extension for WindowsStandalone target not found
Native extension for WebGL target not found
Refreshing native plugins compatible for Editor in 0.76 ms, found 3 plugins.
Preloading 0 native plugins for Editor in 0.00 ms.
Mono: successfully reloaded assembly
- Completed reload, in  1.908 seconds
Domain Reload Profiling:
	ReloadAssembly (1908ms)
		BeginReloadAssembly (193ms)
			ExecutionOrderSort (0ms)
			DisableScriptedObjects (10ms)
			BackupInstance (0ms)
			ReleaseScriptingObjects (0ms)
			CreateAndSetChildDomain (56ms)
		EndReloadAssembly (1615ms)
			LoadAssemblies (167ms)
			RebuildTransferFunctionScriptingTraits (0ms)
			SetupTypeCache (592ms)
			ReleaseScriptCaches (2ms)
			RebuildScriptCaches (102ms)
			SetupLoadedEditorAssemblies (590ms)
				LogAssemblyErrors (0ms)
				InitializePlatformSupportModulesInManaged (10ms)
				SetLoadedEditorAssemblies (1ms)
				RefreshPlugins (1ms)
				BeforeProcessingInitializeOnLoad (151ms)
				ProcessInitializeOnLoadAttributes (395ms)
				ProcessInitializeOnLoadMethodAttributes (19ms)
				AfterProcessingInitializeOnLoad (15ms)
				EditorAssembliesLoaded (0ms)
			ExecutionOrderSort2 (0ms)
			AwakeInstancesAfterBackupRestoration (14ms)
Platform modules already initialized, skipping
Refreshing native plugins compatible for Editor in 0.84 ms, found 3 plugins.
Preloading 0 native plugins for Editor in 0.00 ms.
Unloading 2365 Unused Serialized files (Serialized files now loaded: 0)
System memory in use before: 105.8 MB.
System memory in use after: 105.8 MB.

Unloading 21 unused Assets to reduce memory usage. Loaded Objects now: 2837.
Total: 5.543200 ms (FindLiveObjects: 0.295200 ms CreateObjectMapping: 0.177600 ms MarkObjects: 4.871500 ms  DeleteObjects: 0.197200 ms)

AssetImportParameters requested are different than current active one (requested -> active):
  custom:framework-win-MediaFoundation: 216162199b28c13a410421893ffa2e32 -> 
  custom:video-decoder-ogg-theora: a1e56fd34408186e4bbccfd4996cb3dc -> 
  custom:container-muxer-webm: aa71ff27fc2769a1b78a27578f13a17b -> 
  custom:container-demuxer-webm: 4f35f7cbe854078d1ac9338744f61a02 -> 
  custom:container-demuxer-ogg: 62fdf1f143b41e24485cea50d1cbac27 -> 
  custom:video-encoder-webm-vp8: eb34c28f22e8b96e1ab97ce403110664 -> 
  custom:video-decoder-webm-vp8: 9c59270c3fd7afecdb556c50c9e8de78 -> 
  custom:audio-decoder-ogg-vorbis: bf7c407c2cedff20999df2af8eb42d56 -> 
  custom:audio-encoder-webm-vorbis: bf7c407c2cedff20999df2af8eb42d56 -> 
========================================================================
Received Import Request.
  Time since last request: 816.252513 seconds.
  path: Assets/Images/Dialogue/dialogueName.png
  artifactKey: Guid(c6be64839f72cfa4784dc9ed915fa6d0) Importer(815301076,1909f56bfc062723c751e8b465ee728b)
Start importing Assets/Images/Dialogue/dialogueName.png using Guid(c6be64839f72cfa4784dc9ed915fa6d0) Importer(815301076,1909f56bfc062723c751e8b465ee728b)  -> (artifact id: 'ac5daadfcddd5fb83b02a5d42596af6d') in 0.314862 seconds 
========================================================================
Received Import Request.
  Time since last request: 10.409715 seconds.
  path: Assets/Anims/Inventory
  artifactKey: Guid(3f9c8afd5dc46504582553c3d54e2cdc) Importer(815301076,1909f56bfc062723c751e8b465ee728b)
Start importing Assets/Anims/Inventory using Guid(3f9c8afd5dc46504582553c3d54e2cdc) Importer(815301076,1909f56bfc062723c751e8b465ee728b)  -> (artifact id: '5cbaafe83e8a49716b25573737ad2c37') in 0.014673 seconds 
========================================================================
Received Import Request.
  Time since last request: 3.212289 seconds.
  path: Assets/Anims/DialogueBox
  artifactKey: Guid(faa4c08f0c2b8b54f82db02a413ba154) Importer(815301076,1909f56bfc062723c751e8b465ee728b)
Start importing Assets/Anims/DialogueBox using Guid(faa4c08f0c2b8b54f82db02a413ba154) Importer(815301076,1909f56bfc062723c751e8b465ee728b)  -> (artifact id: 'b0eb7945f325542ee5f941d40ebc5e1a') in 0.025399 seconds 
========================================================================
Received Import Request.
  Time since last request: 3.083384 seconds.
  path: Assets/Anims/DialogueBox/DialogueObject.controller
  artifactKey: Guid(501d91ef58662b64facccb6163199369) Importer(815301076,1909f56bfc062723c751e8b465ee728b)
Start importing Assets/Anims/DialogueBox/DialogueObject.controller using Guid(501d91ef58662b64facccb6163199369) Importer(815301076,1909f56bfc062723c751e8b465ee728b)  -> (artifact id: 'ca7db21f9c836781fc8b47e4e54e37cc') in 0.045280 seconds 
========================================================================
Received Import Request.
  Time since last request: 0.821523 seconds.
  path: Assets/Anims/DialogueBox/DialogueBox_Open.anim
  artifactKey: Guid(97075f0086652ec459b18097b1bfd9c6) Importer(815301076,1909f56bfc062723c751e8b465ee728b)
Start importing Assets/Anims/DialogueBox/DialogueBox_Open.anim using Guid(97075f0086652ec459b18097b1bfd9c6) Importer(815301076,1909f56bfc062723c751e8b465ee728b)  -> (artifact id: '6f5d1b607dbda2556653fdb3946e2ae6') in 0.038045 seconds 
========================================================================
Received Import Request.
  Time since last request: 1.751288 seconds.
  path: Assets/Anims/DialogueBox/DialogueBox_Close.anim
  artifactKey: Guid(45c1da973c239ec42bd0486587c866a8) Importer(815301076,1909f56bfc062723c751e8b465ee728b)
Start importing Assets/Anims/DialogueBox/DialogueBox_Close.anim using Guid(45c1da973c239ec42bd0486587c866a8) Importer(815301076,1909f56bfc062723c751e8b465ee728b)  -> (artifact id: '0362badd30941d2b89f7a3c90ad70d0b') in 0.030368 seconds 
========================================================================
Received Prepare
Registering precompiled user dll's ...
Registered in 0.007675 seconds.
Begin MonoManager ReloadAssembly
Native extension for WindowsStandalone target not found
Native extension for WebGL target not found
Refreshing native plugins compatible for Editor in 1.14 ms, found 3 plugins.
Preloading 0 native plugins for Editor in 0.00 ms.
Mono: successfully reloaded assembly
- Completed reload, in  2.156 seconds
Domain Reload Profiling:
	ReloadAssembly (2157ms)
		BeginReloadAssembly (187ms)
			ExecutionOrderSort (0ms)
			DisableScriptedObjects (9ms)
			BackupInstance (0ms)
			ReleaseScriptingObjects (0ms)
			CreateAndSetChildDomain (54ms)
		EndReloadAssembly (1835ms)
			LoadAssemblies (175ms)
			RebuildTransferFunctionScriptingTraits (0ms)
			SetupTypeCache (626ms)
			ReleaseScriptCaches (3ms)
			RebuildScriptCaches (194ms)
			SetupLoadedEditorAssemblies (600ms)
				LogAssemblyErrors (0ms)
				InitializePlatformSupportModulesInManaged (9ms)
				SetLoadedEditorAssemblies (2ms)
				RefreshPlugins (1ms)
				BeforeProcessingInitializeOnLoad (191ms)
				ProcessInitializeOnLoadAttributes (346ms)
				ProcessInitializeOnLoadMethodAttributes (22ms)
				AfterProcessingInitializeOnLoad (28ms)
				EditorAssembliesLoaded (0ms)
			ExecutionOrderSort2 (0ms)
			AwakeInstancesAfterBackupRestoration (31ms)
Platform modules already initialized, skipping
Refreshing native plugins compatible for Editor in 1.59 ms, found 3 plugins.
Preloading 0 native plugins for Editor in 0.00 ms.
Unloading 2365 Unused Serialized files (Serialized files now loaded: 0)
System memory in use before: 105.9 MB.
System memory in use after: 106.0 MB.

Unloading 21 unused Assets to reduce memory usage. Loaded Objects now: 2842.
Total: 6.938900 ms (FindLiveObjects: 0.402400 ms CreateObjectMapping: 0.184800 ms MarkObjects: 6.009400 ms  DeleteObjects: 0.340600 ms)

AssetImportParameters requested are different than current active one (requested -> active):
  custom:framework-win-MediaFoundation: 216162199b28c13a410421893ffa2e32 -> 
  custom:video-decoder-ogg-theora: a1e56fd34408186e4bbccfd4996cb3dc -> 
  custom:container-muxer-webm: aa71ff27fc2769a1b78a27578f13a17b -> 
  custom:container-demuxer-webm: 4f35f7cbe854078d1ac9338744f61a02 -> 
  custom:container-demuxer-ogg: 62fdf1f143b41e24485cea50d1cbac27 -> 
  custom:video-encoder-webm-vp8: eb34c28f22e8b96e1ab97ce403110664 -> 
  custom:video-decoder-webm-vp8: 9c59270c3fd7afecdb556c50c9e8de78 -> 
  custom:audio-decoder-ogg-vorbis: bf7c407c2cedff20999df2af8eb42d56 -> 
  custom:audio-encoder-webm-vorbis: bf7c407c2cedff20999df2af8eb42d56 -> 
========================================================================
Received Prepare
Registering precompiled user dll's ...
Registered in 0.006955 seconds.
Begin MonoManager ReloadAssembly
Native extension for WindowsStandalone target not found
Native extension for WebGL target not found
Refreshing native plugins compatible for Editor in 1.04 ms, found 3 plugins.
Preloading 0 native plugins for Editor in 0.00 ms.
Mono: successfully reloaded assembly
- Completed reload, in  2.921 seconds
Domain Reload Profiling:
	ReloadAssembly (2922ms)
		BeginReloadAssembly (265ms)
			ExecutionOrderSort (0ms)
			DisableScriptedObjects (18ms)
			BackupInstance (0ms)
			ReleaseScriptingObjects (0ms)
			CreateAndSetChildDomain (70ms)
		EndReloadAssembly (2375ms)
			LoadAssemblies (350ms)
			RebuildTransferFunctionScriptingTraits (0ms)
			SetupTypeCache (761ms)
			ReleaseScriptCaches (2ms)
			RebuildScriptCaches (83ms)
			SetupLoadedEditorAssemblies (931ms)
				LogAssemblyErrors (0ms)
				InitializePlatformSupportModulesInManaged (13ms)
				SetLoadedEditorAssemblies (1ms)
				RefreshPlugins (1ms)
				BeforeProcessingInitializeOnLoad (253ms)
				ProcessInitializeOnLoadAttributes (594ms)
				ProcessInitializeOnLoadMethodAttributes (38ms)
				AfterProcessingInitializeOnLoad (30ms)
				EditorAssembliesLoaded (0ms)
			ExecutionOrderSort2 (0ms)
			AwakeInstancesAfterBackupRestoration (22ms)
Platform modules already initialized, skipping
Refreshing native plugins compatible for Editor in 1.60 ms, found 3 plugins.
Preloading 0 native plugins for Editor in 0.00 ms.
Unloading 2365 Unused Serialized files (Serialized files now loaded: 0)
System memory in use before: 105.9 MB.
System memory in use after: 106.0 MB.

Unloading 21 unused Assets to reduce memory usage. Loaded Objects now: 2844.
Total: 5.622900 ms (FindLiveObjects: 0.316900 ms CreateObjectMapping: 0.144000 ms MarkObjects: 4.913300 ms  DeleteObjects: 0.247300 ms)

AssetImportParameters requested are different than current active one (requested -> active):
  custom:framework-win-MediaFoundation: 216162199b28c13a410421893ffa2e32 -> 
  custom:video-decoder-ogg-theora: a1e56fd34408186e4bbccfd4996cb3dc -> 
  custom:container-muxer-webm: aa71ff27fc2769a1b78a27578f13a17b -> 
  custom:container-demuxer-webm: 4f35f7cbe854078d1ac9338744f61a02 -> 
  custom:container-demuxer-ogg: 62fdf1f143b41e24485cea50d1cbac27 -> 
  custom:video-encoder-webm-vp8: eb34c28f22e8b96e1ab97ce403110664 -> 
  custom:video-decoder-webm-vp8: 9c59270c3fd7afecdb556c50c9e8de78 -> 
  custom:audio-decoder-ogg-vorbis: bf7c407c2cedff20999df2af8eb42d56 -> 
  custom:audio-encoder-webm-vorbis: bf7c407c2cedff20999df2af8eb42d56 -> 
AssetImportWorkerClient::OnTransportError - code=2 error=End of file
